<?xml version="1.0" encoding="UTF-8"?>
<testsuite xmlns:xsi="http://www.w3.org/2001/XMLSchema-instance" xsi:noNamespaceSchemaLocation="https://maven.apache.org/surefire/maven-surefire-plugin/xsd/surefire-test-report.xsd" name="TestSuite" time="13.196" tests="2" errors="0" skipped="0" failures="1">
  <properties>
[...]
</properties>
  <testcase name="loginTest" classname="sanitytest.BankManagerLogin" time="0.701"/>
  <testcase name="addCustomer" classname="sanitytest.AddCustomer" time="4.168">
    <failure message="&#10;[public void sanitytest.AddCustomer.addCustomer(java.util.Hashtable)] has no parameters defined but was found to be using a data provider (either explicitly specified or inherited from class level annotation).&#10;Data provider mismatch&#10;Method: addCustomer([Parameter{index=0, type=java.util.Hashtable, declaredAnnotations=[]}])&#10;Arguments: [(java.util.Hashtable) {postCode=54002, lastName=Khan, firstName=Qamar, alertText=Customer added successfully},null,null,null]" type="org.testng.internal.reflect.MethodMatcherException">org.testng.internal.reflect.MethodMatcherException: 

[public void sanitytest.AddCustomer.addCustomer(java.util.Hashtable)] has no parameters defined but was found to be using a data provider (either explicitly specified or inherited from class level annotation).
Data provider mismatch
Method: addCustomer([Parameter{index=0, type=java.util.Hashtable, declaredAnnotations=[]}])
Arguments: [(java.util.Hashtable) {postCode=54002, lastName=Khan, firstName=Qamar, alertText=Customer added successfully},null,null,null]
</failure>
    <system-err><![CDATA[ERROR StatusLogger Log4j2 could not find a logging implementation. Please add log4j-core to the classpath. Using SimpleLogger to log to the console...
]]></system-err>
  </testcase>
</testsuite>